<?xml version="1.0" encoding="UTF-8"?>
<testsuite name="ListFilterGroovy" tests="4" skipped="0" failures="0" errors="0" timestamp="2021-12-14T01:02:52" hostname="LAPTOP-TG6UCA0T" time="0.014">
  <properties/>
  <testcase name="positives" classname="ListFilterGroovy" time="0.006"/>
  <testcase name="divisible" classname="ListFilterGroovy" time="0.003"/>
  <testcase name="filterer test true" classname="ListFilterGroovy" time="0.004"/>
  <testcase name="filterer test false" classname="ListFilterGroovy" time="0.0"/>
  <system-out><![CDATA[]]></system-out>
  <system-err><![CDATA[]]></system-err>
</testsuite>
