<?xml version="1.0" encoding="UTF-8"?>
<testsuite name="ListDeduplicatorGroovy" tests="1" skipped="0" failures="0" errors="0" timestamp="2021-12-14T01:02:51" hostname="LAPTOP-TG6UCA0T" time="0.287">
  <properties/>
  <testcase name="deduplicate" classname="ListDeduplicatorGroovy" time="0.287"/>
  <system-out><![CDATA[]]></system-out>
  <system-err><![CDATA[]]></system-err>
</testsuite>
