<?xml version="1.0" encoding="UTF-8"?>
<testsuite name="ListSorterGroovy" tests="1" skipped="0" failures="0" errors="0" timestamp="2021-12-14T01:02:52" hostname="LAPTOP-TG6UCA0T" time="0.003">
  <properties/>
  <testcase name="sorter" classname="ListSorterGroovy" time="0.003"/>
  <system-out><![CDATA[]]></system-out>
  <system-err><![CDATA[]]></system-err>
</testsuite>
