<?xml version="1.0" encoding="UTF-8"?>
<testsuite name="com.aor.numbers.ListFilterTest" tests="3" skipped="0" failures="0" errors="0" timestamp="2021-11-26T17:25:37" hostname="LAPTOP-TG6UCA0T" time="0.022">
  <properties/>
  <testcase name="positiveFilter()" classname="com.aor.numbers.ListFilterTest" time="0.002"/>
  <testcase name="filtererTest()" classname="com.aor.numbers.ListFilterTest" time="0.017"/>
  <testcase name="divisibleFilter()" classname="com.aor.numbers.ListFilterTest" time="0.001"/>
  <system-out><![CDATA[]]></system-out>
  <system-err><![CDATA[]]></system-err>
</testsuite>
